Build started 2016-11-11 12:46:13 PM.
     1>Project "C:\Users\user\Desktop\Fanshawe\PhysicsMidterm_RyanHammond\Question3\Graphics_P1_Hammond_Ryan\Graphics_P1_Hammond_Ryan.vcxproj" on node 2 (Build target(s)).
     1>ClCompile:
         C:\Program Files (x86)\Microsoft Visual Studio 14.0\VC\bin\CL.exe /c /Zi /nologo /W3 /WX- /O2 /Oi /Oy- /GL /D WIN32 /D NDEBUG /D _CONSOLE /D _UNICODE /D UNICODE /Gm- /EHsc /MD /GS /Gy /fp:precise /Zc:wchar_t /Zc:forScope /Zc:inline /Fo"Release\\" /Fd"Release\vc140.pdb" /Gd /TP /analyze- /errorReport:prompt cMeshTypeManager.cpp cSceneLoader.cpp cShader.cpp cShaderManager.cpp cSphere.cpp cTriangleMesh.cpp Main.cpp Utilities.cpp
         cMeshTypeManager.cpp
         cSceneLoader.cpp
     1>cSceneLoader.cpp(22): warning C4305: 'return': truncation from 'int' to 'bool'
     1>cSceneLoader.cpp(31): warning C4305: 'return': truncation from 'int' to 'bool'
     1>cSceneLoader.cpp(61): warning C4305: 'return': truncation from 'int' to 'bool'
     1>cSceneLoader.cpp(66): warning C4800: 'int': forcing value to bool 'true' or 'false' (performance warning)
     1>cSceneLoader.cpp(68): warning C4800: 'int': forcing value to bool 'true' or 'false' (performance warning)
     1>cSceneLoader.cpp(111): warning C4305: 'return': truncation from 'int' to 'bool'
     1>cSceneLoader.cpp(133): warning C4305: '=': truncation from 'double' to 'float'
     1>cSceneLoader.cpp(150): warning C4305: 'return': truncation from 'int' to 'bool'
         cShader.cpp
         cShaderManager.cpp
         cSphere.cpp
         cTriangleMesh.cpp
         Main.cpp
     1>Main.cpp(160): warning C4244: 'argument': conversion from 'time_t' to 'unsigned int', possible loss of data
         Utilities.cpp
         C:\Program Files (x86)\Microsoft Visual Studio 14.0\VC\bin\CL.exe /c /Zi /nologo /W3 /WX- /O2 /Oi /Oy- /GL /D WIN32 /D NDEBUG /D _CONSOLE /D _UNICODE /D UNICODE /Gm- /EHsc /MD /GS /Gy /fp:precise /Zc:wchar_t /Zc:forScope /Zc:inline /Fo"Release\\" /Fd"Release\vc140.pdb" /Gd /TC /analyze- /errorReport:prompt src\glad.c
         glad.c
       Link:
         C:\Program Files (x86)\Microsoft Visual Studio 14.0\VC\bin\link.exe /ERRORREPORT:PROMPT /OUT:"C:\Users\user\Desktop\Fanshawe\PhysicsMidterm_RyanHammond\Question3\Release\Graphics_P1_Hammond_Ryan.exe" /INCREMENTAL:NO /NOLOGO glfw3.lib kernel32.lib user32.lib gdi32.lib winspool.lib comdlg32.lib advapi32.lib shell32.lib ole32.lib oleaut32.lib uuid.lib odbc32.lib odbccp32.lib /MANIFEST /MANIFESTUAC:"level='asInvoker' uiAccess='false'" /manifest:embed /Debug /PDB:"C:\Users\user\Desktop\Fanshawe\PhysicsMidterm_RyanHammond\Question3\Release\Graphics_P1_Hammond_Ryan.pdb" /SUBSYSTEM:CONSOLE /OPT:REF /OPT:ICF /LTCG:incremental /TLBID:1 /DYNAMICBASE /NXCOMPAT /IMPLIB:"C:\Users\user\Desktop\Fanshawe\PhysicsMidterm_RyanHammond\Question3\Release\Graphics_P1_Hammond_Ryan.lib" /MACHINE:X86 /SAFESEH Release\cMeshTypeManager.obj
         Release\cSceneLoader.obj
         Release\cShader.obj
         Release\cShaderManager.obj
         Release\cSphere.obj
         Release\cTriangleMesh.obj
         Release\Main.obj
         Release\glad.obj
         Release\Utilities.obj
     1>LINK : warning LNK4098: defaultlib 'MSVCRTD' conflicts with use of other libs; use /NODEFAULTLIB:library
         Generating code
     1>c:\users\user\desktop\fanshawe\physicsmidterm_ryanhammond\question3\graphics_p1_hammond_ryan\cshader.cpp(25): warning C4715: 'cShaderManager::cShader::getShaderTypeString': not all control paths return a value
     1>c:\users\user\desktop\fanshawe\physicsmidterm_ryanhammond\question3\graphics_p1_hammond_ryan\csceneloader.cpp(193): warning C4715: 'cSceneLoader::loadScene': not all control paths return a value
         All 1599 functions were compiled because no usable IPDB/IOBJ from previous compilation was found.
         Finished generating code
     1>glfw3.lib(context.obj) : warning LNK4099: PDB 'glfw.pdb' was not found with 'glfw3.lib(context.obj)' or at 'C:\Users\user\Desktop\Fanshawe\PhysicsMidterm_RyanHammond\Question3\Release\glfw.pdb'; linking object as if no debug info
     1>glfw3.lib(init.obj) : warning LNK4099: PDB 'glfw.pdb' was not found with 'glfw3.lib(init.obj)' or at 'C:\Users\user\Desktop\Fanshawe\PhysicsMidterm_RyanHammond\Question3\Release\glfw.pdb'; linking object as if no debug info
     1>glfw3.lib(input.obj) : warning LNK4099: PDB 'glfw.pdb' was not found with 'glfw3.lib(input.obj)' or at 'C:\Users\user\Desktop\Fanshawe\PhysicsMidterm_RyanHammond\Question3\Release\glfw.pdb'; linking object as if no debug info
     1>glfw3.lib(monitor.obj) : warning LNK4099: PDB 'glfw.pdb' was not found with 'glfw3.lib(monitor.obj)' or at 'C:\Users\user\Desktop\Fanshawe\PhysicsMidterm_RyanHammond\Question3\Release\glfw.pdb'; linking object as if no debug info
     1>glfw3.lib(vulkan.obj) : warning LNK4099: PDB 'glfw.pdb' was not found with 'glfw3.lib(vulkan.obj)' or at 'C:\Users\user\Desktop\Fanshawe\PhysicsMidterm_RyanHammond\Question3\Release\glfw.pdb'; linking object as if no debug info
     1>glfw3.lib(window.obj) : warning LNK4099: PDB 'glfw.pdb' was not found with 'glfw3.lib(window.obj)' or at 'C:\Users\user\Desktop\Fanshawe\PhysicsMidterm_RyanHammond\Question3\Release\glfw.pdb'; linking object as if no debug info
     1>glfw3.lib(win32_init.obj) : warning LNK4099: PDB 'glfw.pdb' was not found with 'glfw3.lib(win32_init.obj)' or at 'C:\Users\user\Desktop\Fanshawe\PhysicsMidterm_RyanHammond\Question3\Release\glfw.pdb'; linking object as if no debug info
     1>glfw3.lib(win32_joystick.obj) : warning LNK4099: PDB 'glfw.pdb' was not found with 'glfw3.lib(win32_joystick.obj)' or at 'C:\Users\user\Desktop\Fanshawe\PhysicsMidterm_RyanHammond\Question3\Release\glfw.pdb'; linking object as if no debug info
     1>glfw3.lib(win32_monitor.obj) : warning LNK4099: PDB 'glfw.pdb' was not found with 'glfw3.lib(win32_monitor.obj)' or at 'C:\Users\user\Desktop\Fanshawe\PhysicsMidterm_RyanHammond\Question3\Release\glfw.pdb'; linking object as if no debug info
     1>glfw3.lib(win32_time.obj) : warning LNK4099: PDB 'glfw.pdb' was not found with 'glfw3.lib(win32_time.obj)' or at 'C:\Users\user\Desktop\Fanshawe\PhysicsMidterm_RyanHammond\Question3\Release\glfw.pdb'; linking object as if no debug info
     1>glfw3.lib(win32_tls.obj) : warning LNK4099: PDB 'glfw.pdb' was not found with 'glfw3.lib(win32_tls.obj)' or at 'C:\Users\user\Desktop\Fanshawe\PhysicsMidterm_RyanHammond\Question3\Release\glfw.pdb'; linking object as if no debug info
     1>glfw3.lib(win32_window.obj) : warning LNK4099: PDB 'glfw.pdb' was not found with 'glfw3.lib(win32_window.obj)' or at 'C:\Users\user\Desktop\Fanshawe\PhysicsMidterm_RyanHammond\Question3\Release\glfw.pdb'; linking object as if no debug info
     1>glfw3.lib(wgl_context.obj) : warning LNK4099: PDB 'glfw.pdb' was not found with 'glfw3.lib(wgl_context.obj)' or at 'C:\Users\user\Desktop\Fanshawe\PhysicsMidterm_RyanHammond\Question3\Release\glfw.pdb'; linking object as if no debug info
     1>glfw3.lib(egl_context.obj) : warning LNK4099: PDB 'glfw.pdb' was not found with 'glfw3.lib(egl_context.obj)' or at 'C:\Users\user\Desktop\Fanshawe\PhysicsMidterm_RyanHammond\Question3\Release\glfw.pdb'; linking object as if no debug info
         Graphics_P1_Hammond_Ryan.vcxproj -> C:\Users\user\Desktop\Fanshawe\PhysicsMidterm_RyanHammond\Question3\Release\Graphics_P1_Hammond_Ryan.exe
     1>Done Building Project "C:\Users\user\Desktop\Fanshawe\PhysicsMidterm_RyanHammond\Question3\Graphics_P1_Hammond_Ryan\Graphics_P1_Hammond_Ryan.vcxproj" (Build target(s)).

Build succeeded.

Time Elapsed 00:00:09.29
